{
  "RSpec": {
    "coverage": {
      "/Users/brendanbondurant/3mod/intermission/beatboxremix/lib/node.rb": {
        "lines": [
          1,
          1,
          1,
          1,
          16,
          16,
          null,
          null,
          1,
          1,
          null,
          null,
          null
        ]
      },
      "/Users/brendanbondurant/3mod/intermission/beatboxremix/lib/linked_list.rb": {
        "lines": [
          1,
          1,
          1,
          8,
          null,
          null,
          1,
          12,
          6,
          null,
          6,
          6,
          6,
          10,
          null,
          6,
          null,
          null,
          null,
          1,
          2,
          2,
          2,
          2,
          1,
          1,
          null,
          2,
          null,
          null,
          1,
          18,
          null,
          null,
          1,
          2,
          2,
          2,
          2,
          5,
          5,
          null,
          2,
          2,
          null,
          null
        ]
      },
      "/Users/brendanbondurant/3mod/intermission/beatboxremix/spec/node_spec.rb": {
        "lines": [
          1,
          null,
          1,
          1,
          1,
          1,
          1,
          null,
          1,
          1,
          1,
          null,
          1,
          1,
          1,
          null,
          null,
          1,
          1,
          1,
          1,
          null,
          null,
          null
        ]
      }
    },
    "timestamp": 1700501259
  }
}
