{
  "RSpec": {
    "coverage": {
      "/Users/brendanbondurant/3mod/intermission/beatboxremix/lib/node.rb": {
        "lines": [
          1,
          1,
          1,
          1,
          22,
          22,
          null,
          null,
          1,
          1,
          null,
          null,
          null
        ]
      },
      "/Users/brendanbondurant/3mod/intermission/beatboxremix/lib/linked_list.rb": {
        "lines": [
          1,
          1,
          1,
          9,
          null,
          null,
          1,
          17,
          7,
          null,
          10,
          10,
          10,
          16,
          null,
          10,
          null,
          null,
          null,
          1,
          2,
          2,
          2,
          2,
          1,
          1,
          null,
          2,
          null,
          null,
          1,
          25,
          null,
          null,
          1,
          4,
          4,
          4,
          4,
          14,
          14,
          null,
          4,
          4,
          null,
          null,
          1,
          1,
          1,
          1,
          1,
          1,
          null,
          null,
          null,
          1,
          7,
          5,
          null,
          null
        ]
      },
      "/Users/brendanbondurant/3mod/intermission/beatboxremix/spec/node_spec.rb": {
        "lines": [
          1,
          null,
          1,
          1,
          1,
          1,
          1,
          null,
          1,
          1,
          1,
          null,
          1,
          1,
          1,
          null,
          null,
          1,
          1,
          1,
          1,
          null,
          null,
          null
        ]
      }
    },
    "timestamp": 1700527071
  }
}
